This file contains any messages produced by compilers while
running configure, to aid debugging if configure makes a mistake.

It was created by kinfold configure 1.2, which was
generated by GNU Autoconf 2.63.  Invocation command line was

  $ ./configure --disable-option-checking --prefix=/usr/local --cache-file=/dev/null --srcdir=.

## --------- ##
## Platform. ##
## --------- ##

hostname = tensorbr0
uname -m = x86_64
uname -r = 4.4.0-79-generic
uname -s = Linux
uname -v = #100-Ubuntu SMP Wed May 17 19:58:14 UTC 2017

/usr/bin/uname -p = unknown
/bin/uname -X     = unknown

/bin/arch              = unknown
/usr/bin/arch -k       = unknown
/usr/convex/getsysinfo = unknown
/usr/bin/hostinfo      = unknown
/bin/machine           = unknown
/usr/bin/oslevel       = unknown
/bin/universe          = unknown

PATH: /home/jadeshi/opt/nupack3.0.6/bin
PATH: /home/jadeshi/util
PATH: /usr/local/bin
PATH: /usr/local/cuda-8.0/bin
PATH: /home/jadeshi/miniconda/bin
PATH: /usr/bin
PATH: /bin


## ----------- ##
## Core tests. ##
## ----------- ##

configure:1897: checking for a BSD-compatible install
configure:1965: result: /usr/bin/install -c
configure:1976: checking whether build environment is sane
configure:2036: result: yes
configure:2177: checking for a thread-safe mkdir -p
configure:2216: result: /bin/mkdir -p
configure:2229: checking for gawk
configure:2259: result: no
configure:2229: checking for mawk
configure:2245: found /usr/bin/mawk
configure:2256: result: mawk
configure:2267: checking whether make sets $(MAKE)
configure:2289: result: yes
configure:2372: checking if malloc debugging is wanted
configure:2392: result: no
configure:2446: checking for gcc
configure:2462: found /usr/bin/gcc
configure:2473: result: gcc
configure:2705: checking for C compiler version
configure:2713: gcc --version >&5
gcc (Ubuntu 5.4.0-6ubuntu1~16.04.4) 5.4.0 20160609
Copyright (C) 2015 Free Software Foundation, Inc.
This is free software; see the source for copying conditions.  There is NO
warranty; not even for MERCHANTABILITY or FITNESS FOR A PARTICULAR PURPOSE.

configure:2717: $? = 0
configure:2724: gcc -v >&5
Using built-in specs.
COLLECT_GCC=gcc
COLLECT_LTO_WRAPPER=/usr/lib/gcc/x86_64-linux-gnu/5/lto-wrapper
Target: x86_64-linux-gnu
Configured with: ../src/configure -v --with-pkgversion='Ubuntu 5.4.0-6ubuntu1~16.04.4' --with-bugurl=file:///usr/share/doc/gcc-5/README.Bugs --enable-languages=c,ada,c++,java,go,d,fortran,objc,obj-c++ --prefix=/usr --program-suffix=-5 --enable-shared --enable-linker-build-id --libexecdir=/usr/lib --without-included-gettext --enable-threads=posix --libdir=/usr/lib --enable-nls --with-sysroot=/ --enable-clocale=gnu --enable-libstdcxx-debug --enable-libstdcxx-time=yes --with-default-libstdcxx-abi=new --enable-gnu-unique-object --disable-vtable-verify --enable-libmpx --enable-plugin --with-system-zlib --disable-browser-plugin --enable-java-awt=gtk --enable-gtk-cairo --with-java-home=/usr/lib/jvm/java-1.5.0-gcj-5-amd64/jre --enable-java-home --with-jvm-root-dir=/usr/lib/jvm/java-1.5.0-gcj-5-amd64 --with-jvm-jar-dir=/usr/lib/jvm-exports/java-1.5.0-gcj-5-amd64 --with-arch-directory=amd64 --with-ecj-jar=/usr/share/java/eclipse-ecj.jar --enable-objc-gc --enable-multiarch --disable-werror --with-arch-32=i686 --with-abi=m64 --with-multilib-list=m32,m64,mx32 --enable-multilib --with-tune=generic --enable-checking=release --build=x86_64-linux-gnu --host=x86_64-linux-gnu --target=x86_64-linux-gnu
Thread model: posix
gcc version 5.4.0 20160609 (Ubuntu 5.4.0-6ubuntu1~16.04.4) 
configure:2728: $? = 0
configure:2735: gcc -V >&5
gcc: error: unrecognized command line option '-V'
gcc: fatal error: no input files
compilation terminated.
configure:2739: $? = 1
configure:2762: checking for C compiler default output file name
configure:2784: gcc    conftest.c  >&5
configure:2788: $? = 0
configure:2826: result: a.out
configure:2845: checking whether the C compiler works
configure:2855: ./a.out
configure:2859: $? = 0
configure:2878: result: yes
configure:2885: checking whether we are cross compiling
configure:2887: result: no
configure:2890: checking for suffix of executables
configure:2897: gcc -o conftest    conftest.c  >&5
configure:2901: $? = 0
configure:2927: result: 
configure:2933: checking for suffix of object files
configure:2959: gcc -c   conftest.c >&5
configure:2963: $? = 0
configure:2988: result: o
configure:2992: checking whether we are using the GNU C compiler
configure:3021: gcc -c   conftest.c >&5
configure:3028: $? = 0
configure:3045: result: yes
configure:3054: checking whether gcc accepts -g
configure:3084: gcc -c -g  conftest.c >&5
configure:3091: $? = 0
configure:3192: result: yes
configure:3209: checking for gcc option to accept ISO C89
configure:3283: gcc  -c -g -O2  conftest.c >&5
configure:3290: $? = 0
configure:3313: result: none needed
configure:3342: checking for style of include used by make
configure:3370: result: GNU
configure:3395: checking dependency style of gcc
configure:3505: result: gcc3
configure:3535: checking build system type
configure:3553: result: x86_64-unknown-linux-gnu
configure:3575: checking host system type
configure:3590: result: x86_64-unknown-linux-gnu
configure:3620: checking for strdup
configure:3676: gcc -o conftest -g -O2   conftest.c  >&5
conftest.c:33:6: warning: conflicting types for built-in function 'strdup'
 char strdup ();
      ^
configure:3683: $? = 0
configure:3705: result: yes
configure:3620: checking for memset
configure:3676: gcc -o conftest -g -O2   conftest.c  >&5
conftest.c:34:6: warning: conflicting types for built-in function 'memset'
 char memset ();
      ^
configure:3683: $? = 0
configure:3705: result: yes
configure:3620: checking for strchr
configure:3676: gcc -o conftest -g -O2   conftest.c  >&5
conftest.c:35:6: warning: conflicting types for built-in function 'strchr'
 char strchr ();
      ^
configure:3683: $? = 0
configure:3705: result: yes
configure:3732: checking for ViennaRNA package
configure:3775: result:  headers in "../H" and library... "../lib"
configure:3785: checking how to run the C preprocessor
configure:3825: gcc -E  -I../H conftest.c
configure:3832: $? = 0
configure:3863: gcc -E  -I../H conftest.c
conftest.c:13:28: fatal error: ac_nonexistent.h: No such file or directory
compilation terminated.
configure:3870: $? = 1
configure: failed program was:
| /* confdefs.h.  */
| #define PACKAGE_NAME "kinfold"
| #define PACKAGE_TARNAME "Kinfold"
| #define PACKAGE_VERSION "1.2"
| #define PACKAGE_STRING "kinfold 1.2"
| #define PACKAGE_BUGREPORT "rna@tbi.univie.ac.at"
| #define PACKAGE "Kinfold"
| #define VERSION "1.2"
| #define HAVE_STRDUP 1
| #define HAVE_MEMSET 1
| #define HAVE_STRCHR 1
| /* end confdefs.h.  */
| #include <ac_nonexistent.h>
configure:3903: result: gcc -E
configure:3932: gcc -E  -I../H conftest.c
configure:3939: $? = 0
configure:3970: gcc -E  -I../H conftest.c
conftest.c:13:28: fatal error: ac_nonexistent.h: No such file or directory
compilation terminated.
configure:3977: $? = 1
configure: failed program was:
| /* confdefs.h.  */
| #define PACKAGE_NAME "kinfold"
| #define PACKAGE_TARNAME "Kinfold"
| #define PACKAGE_VERSION "1.2"
| #define PACKAGE_STRING "kinfold 1.2"
| #define PACKAGE_BUGREPORT "rna@tbi.univie.ac.at"
| #define PACKAGE "Kinfold"
| #define VERSION "1.2"
| #define HAVE_STRDUP 1
| #define HAVE_MEMSET 1
| #define HAVE_STRCHR 1
| /* end confdefs.h.  */
| #include <ac_nonexistent.h>
configure:4017: checking for grep that handles long lines and -e
configure:4077: result: /bin/grep
configure:4082: checking for egrep
configure:4146: result: /bin/grep -E
configure:4151: checking for ANSI C header files
configure:4181: gcc -c -g -O2  -I../H conftest.c >&5
configure:4188: $? = 0
configure:4287: gcc -o conftest -g -O2  -I../H -L../lib  conftest.c  >&5
configure:4291: $? = 0
configure:4297: ./conftest
configure:4301: $? = 0
configure:4319: result: yes
configure:4343: checking for sys/types.h
configure:4364: gcc -c -g -O2  -I../H conftest.c >&5
configure:4371: $? = 0
configure:4388: result: yes
configure:4343: checking for sys/stat.h
configure:4364: gcc -c -g -O2  -I../H conftest.c >&5
configure:4371: $? = 0
configure:4388: result: yes
configure:4343: checking for stdlib.h
configure:4364: gcc -c -g -O2  -I../H conftest.c >&5
configure:4371: $? = 0
configure:4388: result: yes
configure:4343: checking for string.h
configure:4364: gcc -c -g -O2  -I../H conftest.c >&5
configure:4371: $? = 0
configure:4388: result: yes
configure:4343: checking for memory.h
configure:4364: gcc -c -g -O2  -I../H conftest.c >&5
configure:4371: $? = 0
configure:4388: result: yes
configure:4343: checking for strings.h
configure:4364: gcc -c -g -O2  -I../H conftest.c >&5
configure:4371: $? = 0
configure:4388: result: yes
configure:4343: checking for inttypes.h
configure:4364: gcc -c -g -O2  -I../H conftest.c >&5
configure:4371: $? = 0
configure:4388: result: yes
configure:4343: checking for stdint.h
configure:4364: gcc -c -g -O2  -I../H conftest.c >&5
configure:4371: $? = 0
configure:4388: result: yes
configure:4343: checking for unistd.h
configure:4364: gcc -c -g -O2  -I../H conftest.c >&5
configure:4371: $? = 0
configure:4388: result: yes
configure:4411: checking for stdlib.h
configure:4418: result: yes
configure:4411: checking for string.h
configure:4418: result: yes
configure:4411: checking for strings.h
configure:4418: result: yes
configure:4411: checking for unistd.h
configure:4418: result: yes
configure:4422: checking fold.h usability
configure:4439: gcc -c -g -O2  -I../H conftest.c >&5
configure:4446: $? = 0
configure:4460: result: yes
configure:4464: checking fold.h presence
configure:4479: gcc -E  -I../H conftest.c
configure:4486: $? = 0
configure:4500: result: yes
configure:4533: checking for fold.h
configure:4542: result: yes
configure:4559: checking for exp in -lm
configure:4594: gcc -o conftest -g -O2  -I../H -L../lib  conftest.c -lm   >&5
conftest.c:35:6: warning: conflicting types for built-in function 'exp'
 char exp ();
      ^
configure:4601: $? = 0
configure:4622: result: yes
configure:4638: checking for stdlib.h
configure:4645: result: yes
configure:4784: checking for GNU libc compatible malloc
configure:4818: gcc -o conftest -g -O2  -I../H -L../lib  conftest.c -lm  >&5
configure:4822: $? = 0
configure:4828: ./conftest
configure:4832: $? = 0
configure:4849: result: yes
configure:4882: checking for stdlib.h
configure:4889: result: yes
configure:5028: checking for GNU libc compatible realloc
configure:5062: gcc -o conftest -g -O2  -I../H -L../lib  conftest.c -lm  >&5
configure:5066: $? = 0
configure:5072: ./conftest
configure:5076: $? = 0
configure:5093: result: yes
configure:5124: checking for an ANSI C-conforming const
configure:5199: gcc -c -g -O2  -I../H conftest.c >&5
configure:5206: $? = 0
configure:5221: result: yes
configure:5359: creating ./config.status

## ---------------------- ##
## Running config.status. ##
## ---------------------- ##

This file was extended by kinfold config.status 1.2, which was
generated by GNU Autoconf 2.63.  Invocation command line was

  CONFIG_FILES    = 
  CONFIG_HEADERS  = 
  CONFIG_LINKS    = 
  CONFIG_COMMANDS = 
  $ ./config.status 

on tensorbr0

config.status:794: creating Example/Makefile
config.status:794: creating Makefile
config.status:794: creating config.h
config.status:1016: config.h is unchanged
config.status:1068: executing depfiles commands

## ---------------- ##
## Cache variables. ##
## ---------------- ##

ac_cv_build=x86_64-unknown-linux-gnu
ac_cv_c_compiler_gnu=yes
ac_cv_c_const=yes
ac_cv_env_CC_set=
ac_cv_env_CC_value=
ac_cv_env_CFLAGS_set=
ac_cv_env_CFLAGS_value=
ac_cv_env_CPPFLAGS_set=
ac_cv_env_CPPFLAGS_value=
ac_cv_env_CPP_set=
ac_cv_env_CPP_value=
ac_cv_env_LDFLAGS_set=
ac_cv_env_LDFLAGS_value=
ac_cv_env_LIBS_set=
ac_cv_env_LIBS_value=
ac_cv_env_build_alias_set=
ac_cv_env_build_alias_value=
ac_cv_env_host_alias_set=
ac_cv_env_host_alias_value=
ac_cv_env_target_alias_set=
ac_cv_env_target_alias_value=
ac_cv_func_malloc_0_nonnull=yes
ac_cv_func_memset=yes
ac_cv_func_realloc_0_nonnull=yes
ac_cv_func_strchr=yes
ac_cv_func_strdup=yes
ac_cv_header_fold_h=yes
ac_cv_header_inttypes_h=yes
ac_cv_header_memory_h=yes
ac_cv_header_stdc=yes
ac_cv_header_stdint_h=yes
ac_cv_header_stdlib_h=yes
ac_cv_header_string_h=yes
ac_cv_header_strings_h=yes
ac_cv_header_sys_stat_h=yes
ac_cv_header_sys_types_h=yes
ac_cv_header_unistd_h=yes
ac_cv_host=x86_64-unknown-linux-gnu
ac_cv_lib_m_exp=yes
ac_cv_objext=o
ac_cv_path_EGREP='/bin/grep -E'
ac_cv_path_GREP=/bin/grep
ac_cv_path_install='/usr/bin/install -c'
ac_cv_path_mkdir=/bin/mkdir
ac_cv_prog_AWK=mawk
ac_cv_prog_CPP='gcc -E'
ac_cv_prog_ac_ct_CC=gcc
ac_cv_prog_cc_c89=
ac_cv_prog_cc_g=yes
ac_cv_prog_make_make_set=yes
am_cv_CC_dependencies_compiler_type=gcc3

## ----------------- ##
## Output variables. ##
## ----------------- ##

ACLOCAL='${SHELL} /home/jadeshi/opt/ViennaRNA-1.8.5/missing --run aclocal-1.11'
AMDEPBACKSLASH='\'
AMDEP_FALSE='#'
AMDEP_TRUE=''
AMTAR='${SHELL} /home/jadeshi/opt/ViennaRNA-1.8.5/missing --run tar'
AUTOCONF='${SHELL} /home/jadeshi/opt/ViennaRNA-1.8.5/missing --run autoconf'
AUTOHEADER='${SHELL} /home/jadeshi/opt/ViennaRNA-1.8.5/missing --run autoheader'
AUTOMAKE='${SHELL} /home/jadeshi/opt/ViennaRNA-1.8.5/missing --run automake-1.11'
AWK='mawk'
CC='gcc'
CCDEPMODE='depmode=gcc3'
CFLAGS='-g -O2'
CPP='gcc -E'
CPPFLAGS=' -I../H'
CYGPATH_W='echo'
DEFS='-DHAVE_CONFIG_H'
DEPDIR='.deps'
ECHO_C=''
ECHO_N='-n'
ECHO_T=''
EGREP='/bin/grep -E'
EXEEXT=''
GREP='/bin/grep'
INSTALL_DATA='${INSTALL} -m 644'
INSTALL_PROGRAM='${INSTALL}'
INSTALL_SCRIPT='${INSTALL}'
INSTALL_STRIP_PROGRAM='$(install_sh) -c -s'
ISODATE='2017-08-22'
LDFLAGS='-L../lib '
LIBOBJS=''
LIBS='-lRNA -lm '
LTLIBOBJS=''
MAKEINFO='${SHELL} /home/jadeshi/opt/ViennaRNA-1.8.5/missing --run makeinfo'
MKDIR_P='/bin/mkdir -p'
OBJEXT='o'
PACKAGE='Kinfold'
PACKAGE_BUGREPORT='rna@tbi.univie.ac.at'
PACKAGE_NAME='kinfold'
PACKAGE_STRING='kinfold 1.2'
PACKAGE_TARNAME='Kinfold'
PACKAGE_VERSION='1.2'
PATH_SEPARATOR=':'
SET_MAKE=''
SHELL='/bin/bash'
STRIP=''
VERSION='1.2'
ac_ct_CC='gcc'
am__EXEEXT_FALSE=''
am__EXEEXT_TRUE='#'
am__fastdepCC_FALSE='#'
am__fastdepCC_TRUE=''
am__include='include'
am__isrc=''
am__leading_dot='.'
am__quote=''
am__tar='${AMTAR} chof - "$$tardir"'
am__untar='${AMTAR} xf -'
bindir='${exec_prefix}/bin'
build='x86_64-unknown-linux-gnu'
build_alias=''
build_cpu='x86_64'
build_os='linux-gnu'
build_vendor='unknown'
datadir='${datarootdir}'
datarootdir='${prefix}/share'
docdir='${datarootdir}/doc/${PACKAGE_TARNAME}'
dvidir='${docdir}'
exec_prefix='${prefix}'
host='x86_64-unknown-linux-gnu'
host_alias=''
host_cpu='x86_64'
host_os='linux-gnu'
host_vendor='unknown'
htmldir='${docdir}'
includedir='${prefix}/include'
infodir='${datarootdir}/info'
install_sh='${SHELL} /home/jadeshi/opt/ViennaRNA-1.8.5/install-sh'
libdir='${exec_prefix}/lib'
libexecdir='${exec_prefix}/libexec'
localedir='${datarootdir}/locale'
localstatedir='${prefix}/var'
mandir='${datarootdir}/man'
mkdir_p='/bin/mkdir -p'
oldincludedir='/usr/include'
pdfdir='${docdir}'
prefix='/usr/local'
program_transform_name='s,x,x,'
psdir='${docdir}'
sbindir='${exec_prefix}/sbin'
sharedstatedir='${prefix}/com'
sysconfdir='${prefix}/etc'
target_alias=''

## ----------- ##
## confdefs.h. ##
## ----------- ##

#define PACKAGE_NAME "kinfold"
#define PACKAGE_TARNAME "Kinfold"
#define PACKAGE_VERSION "1.2"
#define PACKAGE_STRING "kinfold 1.2"
#define PACKAGE_BUGREPORT "rna@tbi.univie.ac.at"
#define PACKAGE "Kinfold"
#define VERSION "1.2"
#define HAVE_STRDUP 1
#define HAVE_MEMSET 1
#define HAVE_STRCHR 1
#define STDC_HEADERS 1
#define HAVE_SYS_TYPES_H 1
#define HAVE_SYS_STAT_H 1
#define HAVE_STDLIB_H 1
#define HAVE_STRING_H 1
#define HAVE_MEMORY_H 1
#define HAVE_STRINGS_H 1
#define HAVE_INTTYPES_H 1
#define HAVE_STDINT_H 1
#define HAVE_UNISTD_H 1
#define HAVE_STDLIB_H 1
#define HAVE_STRING_H 1
#define HAVE_STRINGS_H 1
#define HAVE_UNISTD_H 1
#define HAVE_FOLD_H 1
#define HAVE_LIBM 1
#define HAVE_STDLIB_H 1
#define HAVE_MALLOC 1
#define HAVE_STDLIB_H 1
#define HAVE_REALLOC 1

configure: exit 0
