This file contains any messages produced by compilers while
running configure, to aid debugging if configure makes a mistake.

It was created by ViennaRNA configure 1.8.5, which was
generated by GNU Autoconf 2.69.  Invocation command line was

  $ ./configure 

## --------- ##
## Platform. ##
## --------- ##

hostname = tensorbr0
uname -m = x86_64
uname -r = 4.4.0-79-generic
uname -s = Linux
uname -v = #100-Ubuntu SMP Wed May 17 19:58:14 UTC 2017

/usr/bin/uname -p = unknown
/bin/uname -X     = unknown

/bin/arch              = unknown
/usr/bin/arch -k       = unknown
/usr/convex/getsysinfo = unknown
/usr/bin/hostinfo      = unknown
/bin/machine           = unknown
/usr/bin/oslevel       = unknown
/bin/universe          = unknown

PATH: /home/jadeshi/opt/nupack3.0.6/bin
PATH: /home/jadeshi/util
PATH: /usr/local/bin
PATH: /usr/local/cuda-8.0/bin
PATH: /home/jadeshi/miniconda/bin
PATH: /usr/bin
PATH: /bin


## ----------- ##
## Core tests. ##
## ----------- ##

configure:2295: checking for a BSD-compatible install
configure:2363: result: /usr/bin/install -c
configure:2374: checking whether build environment is sane
configure:2424: result: yes
configure:2565: checking for a thread-safe mkdir -p
configure:2604: result: /bin/mkdir -p
configure:2617: checking for gawk
configure:2647: result: no
configure:2617: checking for mawk
configure:2633: found /usr/bin/mawk
configure:2644: result: mawk
configure:2655: checking whether make sets $(MAKE)
configure:2677: result: yes
configure:2758: checking if malloc debugging is wanted
configure:2776: result: no
configure:2825: checking build system type
configure:2839: result: x86_64-unknown-linux-gnu
configure:2859: checking host system type
configure:2872: result: x86_64-unknown-linux-gnu
configure:2941: checking for gcc
configure:2957: found /usr/bin/gcc
configure:2968: result: gcc
configure:3197: checking for C compiler version
configure:3206: gcc --version >&5
gcc (Ubuntu 5.4.0-6ubuntu1~16.04.4) 5.4.0 20160609
Copyright (C) 2015 Free Software Foundation, Inc.
This is free software; see the source for copying conditions.  There is NO
warranty; not even for MERCHANTABILITY or FITNESS FOR A PARTICULAR PURPOSE.

configure:3217: $? = 0
configure:3206: gcc -v >&5
Using built-in specs.
COLLECT_GCC=gcc
COLLECT_LTO_WRAPPER=/usr/lib/gcc/x86_64-linux-gnu/5/lto-wrapper
Target: x86_64-linux-gnu
Configured with: ../src/configure -v --with-pkgversion='Ubuntu 5.4.0-6ubuntu1~16.04.4' --with-bugurl=file:///usr/share/doc/gcc-5/README.Bugs --enable-languages=c,ada,c++,java,go,d,fortran,objc,obj-c++ --prefix=/usr --program-suffix=-5 --enable-shared --enable-linker-build-id --libexecdir=/usr/lib --without-included-gettext --enable-threads=posix --libdir=/usr/lib --enable-nls --with-sysroot=/ --enable-clocale=gnu --enable-libstdcxx-debug --enable-libstdcxx-time=yes --with-default-libstdcxx-abi=new --enable-gnu-unique-object --disable-vtable-verify --enable-libmpx --enable-plugin --with-system-zlib --disable-browser-plugin --enable-java-awt=gtk --enable-gtk-cairo --with-java-home=/usr/lib/jvm/java-1.5.0-gcj-5-amd64/jre --enable-java-home --with-jvm-root-dir=/usr/lib/jvm/java-1.5.0-gcj-5-amd64 --with-jvm-jar-dir=/usr/lib/jvm-exports/java-1.5.0-gcj-5-amd64 --with-arch-directory=amd64 --with-ecj-jar=/usr/share/java/eclipse-ecj.jar --enable-objc-gc --enable-multiarch --disable-werror --with-arch-32=i686 --with-abi=m64 --with-multilib-list=m32,m64,mx32 --enable-multilib --with-tune=generic --enable-checking=release --build=x86_64-linux-gnu --host=x86_64-linux-gnu --target=x86_64-linux-gnu
Thread model: posix
gcc version 5.4.0 20160609 (Ubuntu 5.4.0-6ubuntu1~16.04.4) 
configure:3217: $? = 0
configure:3206: gcc -V >&5
gcc: error: unrecognized command line option '-V'
gcc: fatal error: no input files
compilation terminated.
configure:3217: $? = 1
configure:3206: gcc -qversion >&5
gcc: error: unrecognized command line option '-qversion'
gcc: fatal error: no input files
compilation terminated.
configure:3217: $? = 1
configure:3237: checking whether the C compiler works
configure:3259: gcc    conftest.c  >&5
configure:3263: $? = 0
configure:3311: result: yes
configure:3314: checking for C compiler default output file name
configure:3316: result: a.out
configure:3322: checking for suffix of executables
configure:3329: gcc -o conftest    conftest.c  >&5
configure:3333: $? = 0
configure:3355: result: 
configure:3377: checking whether we are cross compiling
configure:3385: gcc -o conftest    conftest.c  >&5
configure:3389: $? = 0
configure:3396: ./conftest
configure:3400: $? = 0
configure:3415: result: no
configure:3420: checking for suffix of object files
configure:3442: gcc -c   conftest.c >&5
configure:3446: $? = 0
configure:3467: result: o
configure:3471: checking whether we are using the GNU C compiler
configure:3490: gcc -c   conftest.c >&5
configure:3490: $? = 0
configure:3499: result: yes
configure:3508: checking whether gcc accepts -g
configure:3528: gcc -c -g  conftest.c >&5
configure:3528: $? = 0
configure:3569: result: yes
configure:3586: checking for gcc option to accept ISO C89
configure:3649: gcc  -c -g -O2  conftest.c >&5
configure:3649: $? = 0
configure:3662: result: none needed
configure:3693: checking for style of include used by make
configure:3721: result: GNU
configure:3746: checking dependency style of gcc
configure:3856: result: gcc3
configure:3874: checking whether gcc accepts -fpic
configure:3890: gcc -c -fpic  conftest.c >&5
configure:3890: $? = 0
configure:3897: result: yes
configure:3958: checking for ranlib
configure:3974: found /usr/bin/ranlib
configure:3985: result: ranlib
configure:4008: checking whether gcc and cc understand -c and -o together
configure:4039: gcc -c conftest.c -o conftest2.o >&5
configure:4043: $? = 0
configure:4049: gcc -c conftest.c -o conftest2.o >&5
configure:4053: $? = 0
configure:4064: cc -c conftest.c >&5
configure:4068: $? = 0
configure:4076: cc -c conftest.c -o conftest2.o >&5
configure:4080: $? = 0
configure:4086: cc -c conftest.c -o conftest2.o >&5
configure:4090: $? = 0
configure:4108: result: yes
configure:4136: checking for perl
configure:4154: found /usr/bin/perl
configure:4166: result: /usr/bin/perl
configure:4260: checking how to run the C preprocessor
configure:4291: gcc -E  conftest.c
configure:4291: $? = 0
configure:4305: gcc -E  conftest.c
conftest.c:12:28: fatal error: ac_nonexistent.h: No such file or directory
compilation terminated.
configure:4305: $? = 1
configure: failed program was:
| /* confdefs.h */
| #define PACKAGE_NAME "ViennaRNA"
| #define PACKAGE_TARNAME "ViennaRNA"
| #define PACKAGE_VERSION "1.8.5"
| #define PACKAGE_STRING "ViennaRNA 1.8.5"
| #define PACKAGE_BUGREPORT "rna@tbi.univie.ac.at"
| #define PACKAGE_URL ""
| #define PACKAGE "ViennaRNA"
| #define VERSION "1.8.5"
| #define UNUSED __attribute__ ((unused))
| /* end confdefs.h.  */
| #include <ac_nonexistent.h>
configure:4330: result: gcc -E
configure:4350: gcc -E  conftest.c
configure:4350: $? = 0
configure:4364: gcc -E  conftest.c
conftest.c:12:28: fatal error: ac_nonexistent.h: No such file or directory
compilation terminated.
configure:4364: $? = 1
configure: failed program was:
| /* confdefs.h */
| #define PACKAGE_NAME "ViennaRNA"
| #define PACKAGE_TARNAME "ViennaRNA"
| #define PACKAGE_VERSION "1.8.5"
| #define PACKAGE_STRING "ViennaRNA 1.8.5"
| #define PACKAGE_BUGREPORT "rna@tbi.univie.ac.at"
| #define PACKAGE_URL ""
| #define PACKAGE "ViennaRNA"
| #define VERSION "1.8.5"
| #define UNUSED __attribute__ ((unused))
| /* end confdefs.h.  */
| #include <ac_nonexistent.h>
configure:4393: checking for grep that handles long lines and -e
configure:4451: result: /bin/grep
configure:4456: checking for egrep
configure:4518: result: /bin/grep -E
configure:4523: checking for ANSI C header files
configure:4543: gcc -c -g -O2  conftest.c >&5
configure:4543: $? = 0
configure:4616: gcc -o conftest -g -O2   conftest.c  >&5
configure:4616: $? = 0
configure:4616: ./conftest
configure:4616: $? = 0
configure:4627: result: yes
configure:4640: checking for sys/types.h
configure:4640: gcc -c -g -O2  conftest.c >&5
configure:4640: $? = 0
configure:4640: result: yes
configure:4640: checking for sys/stat.h
configure:4640: gcc -c -g -O2  conftest.c >&5
configure:4640: $? = 0
configure:4640: result: yes
configure:4640: checking for stdlib.h
configure:4640: gcc -c -g -O2  conftest.c >&5
configure:4640: $? = 0
configure:4640: result: yes
configure:4640: checking for string.h
configure:4640: gcc -c -g -O2  conftest.c >&5
configure:4640: $? = 0
configure:4640: result: yes
configure:4640: checking for memory.h
configure:4640: gcc -c -g -O2  conftest.c >&5
configure:4640: $? = 0
configure:4640: result: yes
configure:4640: checking for strings.h
configure:4640: gcc -c -g -O2  conftest.c >&5
configure:4640: $? = 0
configure:4640: result: yes
configure:4640: checking for inttypes.h
configure:4640: gcc -c -g -O2  conftest.c >&5
configure:4640: $? = 0
configure:4640: result: yes
configure:4640: checking for stdint.h
configure:4640: gcc -c -g -O2  conftest.c >&5
configure:4640: $? = 0
configure:4640: result: yes
configure:4640: checking for unistd.h
configure:4640: gcc -c -g -O2  conftest.c >&5
configure:4640: $? = 0
configure:4640: result: yes
configure:4655: checking malloc.h usability
configure:4655: gcc -c -g -O2  conftest.c >&5
configure:4655: $? = 0
configure:4655: result: yes
configure:4655: checking malloc.h presence
configure:4655: gcc -E  conftest.c
configure:4655: $? = 0
configure:4655: result: yes
configure:4655: checking for malloc.h
configure:4655: result: yes
configure:4655: checking for strings.h
configure:4655: result: yes
configure:4655: checking for unistd.h
configure:4655: result: yes
configure:4666: checking for an ANSI C-conforming const
configure:4732: gcc -c -g -O2  conftest.c >&5
configure:4732: $? = 0
configure:4739: result: yes
configure:4747: checking for size_t
configure:4747: gcc -c -g -O2  conftest.c >&5
configure:4747: $? = 0
configure:4747: gcc -c -g -O2  conftest.c >&5
conftest.c: In function 'main':
conftest.c:61:21: error: expected expression before ')' token
 if (sizeof ((size_t)))
                     ^
configure:4747: $? = 1
configure: failed program was:
| /* confdefs.h */
| #define PACKAGE_NAME "ViennaRNA"
| #define PACKAGE_TARNAME "ViennaRNA"
| #define PACKAGE_VERSION "1.8.5"
| #define PACKAGE_STRING "ViennaRNA 1.8.5"
| #define PACKAGE_BUGREPORT "rna@tbi.univie.ac.at"
| #define PACKAGE_URL ""
| #define PACKAGE "ViennaRNA"
| #define VERSION "1.8.5"
| #define UNUSED __attribute__ ((unused))
| #define STDC_HEADERS 1
| #define HAVE_SYS_TYPES_H 1
| #define HAVE_SYS_STAT_H 1
| #define HAVE_STDLIB_H 1
| #define HAVE_STRING_H 1
| #define HAVE_MEMORY_H 1
| #define HAVE_STRINGS_H 1
| #define HAVE_INTTYPES_H 1
| #define HAVE_STDINT_H 1
| #define HAVE_UNISTD_H 1
| #define HAVE_MALLOC_H 1
| #define HAVE_STRINGS_H 1
| #define HAVE_UNISTD_H 1
| /* end confdefs.h.  */
| #include <stdio.h>
| #ifdef HAVE_SYS_TYPES_H
| # include <sys/types.h>
| #endif
| #ifdef HAVE_SYS_STAT_H
| # include <sys/stat.h>
| #endif
| #ifdef STDC_HEADERS
| # include <stdlib.h>
| # include <stddef.h>
| #else
| # ifdef HAVE_STDLIB_H
| #  include <stdlib.h>
| # endif
| #endif
| #ifdef HAVE_STRING_H
| # if !defined STDC_HEADERS && defined HAVE_MEMORY_H
| #  include <memory.h>
| # endif
| # include <string.h>
| #endif
| #ifdef HAVE_STRINGS_H
| # include <strings.h>
| #endif
| #ifdef HAVE_INTTYPES_H
| # include <inttypes.h>
| #endif
| #ifdef HAVE_STDINT_H
| # include <stdint.h>
| #endif
| #ifdef HAVE_UNISTD_H
| # include <unistd.h>
| #endif
| int
| main ()
| {
| if (sizeof ((size_t)))
| 	    return 0;
|   ;
|   return 0;
| }
configure:4747: result: yes
configure:4758: checking for inline
configure:4774: gcc -c -g -O2  conftest.c >&5
configure:4774: $? = 0
configure:4782: result: inline
configure:4804: checking for strdup
configure:4804: gcc -o conftest -g -O2   conftest.c  >&5
conftest.c:48:6: warning: conflicting types for built-in function 'strdup'
 char strdup ();
      ^
configure:4804: $? = 0
configure:4804: result: yes
configure:4804: checking for strstr
configure:4804: gcc -o conftest -g -O2   conftest.c  >&5
conftest.c:49:6: warning: conflicting types for built-in function 'strstr'
 char strstr ();
      ^
configure:4804: $? = 0
configure:4804: result: yes
configure:4804: checking for strchr
configure:4804: gcc -o conftest -g -O2   conftest.c  >&5
conftest.c:50:6: warning: conflicting types for built-in function 'strchr'
 char strchr ();
      ^
configure:4804: $? = 0
configure:4804: result: yes
configure:4804: checking for erand48
configure:4804: gcc -o conftest -g -O2   conftest.c  >&5
configure:4804: $? = 0
configure:4804: result: yes
configure:4962: creating ./config.status

## ---------------------- ##
## Running config.status. ##
## ---------------------- ##

This file was extended by ViennaRNA config.status 1.8.5, which was
generated by GNU Autoconf 2.69.  Invocation command line was

  CONFIG_FILES    = 
  CONFIG_HEADERS  = 
  CONFIG_LINKS    = 
  CONFIG_COMMANDS = 
  $ ./config.status 

on tensorbr0

config.status:902: creating Makefile
config.status:902: creating ViennaRNA.spec
config.status:902: creating Utils/Makefile
config.status:902: creating Progs/Makefile
config.status:902: creating lib/Makefile
config.status:902: creating man/Makefile
config.status:902: creating Cluster/Makefile
config.status:902: creating H/Makefile
config.status:902: creating Perl/Makefile
config.status:902: creating man/RNAheat.1
config.status:902: creating man/RNAsubopt.1
config.status:902: creating man/RNAdistance.1
config.status:902: creating man/RNAinverse.1
config.status:902: creating man/RNAeval.1
config.status:902: creating man/RNAfold.1
config.status:902: creating man/RNApdist.1
config.status:902: creating man/RNAplot.1
config.status:902: creating man/RNALfold.1
config.status:902: creating man/RNAalifold.1
config.status:902: creating man/RNAduplex.1
config.status:902: creating man/RNAcofold.1
config.status:902: creating man/RNAplfold.1
config.status:902: creating man/RNAup.1
config.status:902: creating man/RNApaln.1
config.status:902: creating man/RNAaliduplex.1
config.status:902: creating config.h
config.status:1083: config.h is unchanged
config.status:1131: executing depfiles commands
configure:6370: === configuring in RNAforester (/home/jadeshi/opt/ViennaRNA-1.8.5/RNAforester)
configure:6433: running /bin/bash ./configure --disable-option-checking '--prefix=/usr/local'  --cache-file=/dev/null --srcdir=.
configure:6370: === configuring in Kinfold (/home/jadeshi/opt/ViennaRNA-1.8.5/Kinfold)
configure:6433: running /bin/bash ./configure --disable-option-checking '--prefix=/usr/local'  --cache-file=/dev/null --srcdir=.
configure:6471:
Configure successful with the following options:

  Perl Extension:      yes
  Analyse{Dists,Seqs}: no
  Kinfold:             yes
  RNAforester:         yes

Files will be installed in the following directories:

  Executables:  /usr/local/bin
  Libraries:    /usr/local/lib
  Header files: /usr/local/include
  Extra Data:   ${prefix}/share
  Man pages:    ${prefix}/share/man


## ---------------- ##
## Cache variables. ##
## ---------------- ##

ac_cv_build=x86_64-unknown-linux-gnu
ac_cv_c_compiler_gnu=yes
ac_cv_c_const=yes
ac_cv_c_inline=inline
ac_cv_env_CC_set=
ac_cv_env_CC_value=
ac_cv_env_CFLAGS_set=
ac_cv_env_CFLAGS_value=
ac_cv_env_CPPFLAGS_set=
ac_cv_env_CPPFLAGS_value=
ac_cv_env_CPP_set=
ac_cv_env_CPP_value=
ac_cv_env_FPIC_set=
ac_cv_env_FPIC_value=
ac_cv_env_LDFLAGS_set=
ac_cv_env_LDFLAGS_value=
ac_cv_env_LIBS_set=
ac_cv_env_LIBS_value=
ac_cv_env_PERLPREFIX_set=
ac_cv_env_PERLPREFIX_value=
ac_cv_env_build_alias_set=
ac_cv_env_build_alias_value=
ac_cv_env_host_alias_set=
ac_cv_env_host_alias_value=
ac_cv_env_target_alias_set=
ac_cv_env_target_alias_value=
ac_cv_func_erand48=yes
ac_cv_func_strchr=yes
ac_cv_func_strdup=yes
ac_cv_func_strstr=yes
ac_cv_header_inttypes_h=yes
ac_cv_header_malloc_h=yes
ac_cv_header_memory_h=yes
ac_cv_header_stdc=yes
ac_cv_header_stdint_h=yes
ac_cv_header_stdlib_h=yes
ac_cv_header_string_h=yes
ac_cv_header_strings_h=yes
ac_cv_header_sys_stat_h=yes
ac_cv_header_sys_types_h=yes
ac_cv_header_unistd_h=yes
ac_cv_host=x86_64-unknown-linux-gnu
ac_cv_objext=o
ac_cv_path_EGREP='/bin/grep -E'
ac_cv_path_GREP=/bin/grep
ac_cv_path_PerlCmd=/usr/bin/perl
ac_cv_path_install='/usr/bin/install -c'
ac_cv_path_mkdir=/bin/mkdir
ac_cv_prog_AWK=mawk
ac_cv_prog_CPP='gcc -E'
ac_cv_prog_ac_ct_CC=gcc
ac_cv_prog_ac_ct_RANLIB=ranlib
ac_cv_prog_cc_c89=
ac_cv_prog_cc_fpic=yes
ac_cv_prog_cc_g=yes
ac_cv_prog_cc_gcc_c_o=yes
ac_cv_prog_make_make_set=yes
ac_cv_type_size_t=yes
am_cv_CC_dependencies_compiler_type=gcc3

## ----------------- ##
## Output variables. ##
## ----------------- ##

ACLOCAL='${SHELL} /home/jadeshi/opt/ViennaRNA-1.8.5/missing --run aclocal-1.11'
AMDEPBACKSLASH='\'
AMDEP_FALSE='#'
AMDEP_TRUE=''
AMTAR='${SHELL} /home/jadeshi/opt/ViennaRNA-1.8.5/missing --run tar'
AUTOCONF='${SHELL} /home/jadeshi/opt/ViennaRNA-1.8.5/missing --run autoconf'
AUTOHEADER='${SHELL} /home/jadeshi/opt/ViennaRNA-1.8.5/missing --run autoheader'
AUTOMAKE='${SHELL} /home/jadeshi/opt/ViennaRNA-1.8.5/missing --run automake-1.11'
AWK='mawk'
CC='gcc'
CCDEPMODE='depmode=gcc3'
CFLAGS='-g -O2'
CPP='gcc -E'
CPPFLAGS=''
CYGPATH_W='echo'
DEFS='-DHAVE_CONFIG_H'
DEPDIR='.deps'
ECHO_C=''
ECHO_N='-n'
ECHO_T=''
EGREP='/bin/grep -E'
EXEEXT=''
FPIC='-fpic'
GREP='/bin/grep'
INSTALL_DATA='${INSTALL} -m 644'
INSTALL_PROGRAM='${INSTALL}'
INSTALL_SCRIPT='${INSTALL}'
INSTALL_STRIP_PROGRAM='$(install_sh) -c -s'
ISODATE='2017-08-22'
LDFLAGS=''
LIBOBJS=''
LIBS=''
LTLIBOBJS=''
MAKEINFO='${SHELL} /home/jadeshi/opt/ViennaRNA-1.8.5/missing --run makeinfo'
MAKE_CLUSTER_FALSE=''
MAKE_CLUSTER_TRUE='#'
MAKE_FORESTER_FALSE='#'
MAKE_FORESTER_TRUE=''
MAKE_KINFOLD_FALSE='#'
MAKE_KINFOLD_TRUE=''
MAKE_PERL_EXT_FALSE='#'
MAKE_PERL_EXT_TRUE=''
MKDIR_P='/bin/mkdir -p'
OBJEXT='o'
PACKAGE='ViennaRNA'
PACKAGE_BUGREPORT='rna@tbi.univie.ac.at'
PACKAGE_NAME='ViennaRNA'
PACKAGE_STRING='ViennaRNA 1.8.5'
PACKAGE_TARNAME='ViennaRNA'
PACKAGE_URL=''
PACKAGE_VERSION='1.8.5'
PATH_SEPARATOR=':'
PERLPREFIX=''
PerlCmd='/usr/bin/perl'
RANLIB='ranlib'
SET_MAKE=''
SHELL='/bin/bash'
STRIP=''
VERSION='1.8.5'
ac_ct_CC='gcc'
am__EXEEXT_FALSE=''
am__EXEEXT_TRUE='#'
am__fastdepCC_FALSE='#'
am__fastdepCC_TRUE=''
am__include='include'
am__isrc=''
am__leading_dot='.'
am__quote=''
am__tar='${AMTAR} chof - "$$tardir"'
am__untar='${AMTAR} xf -'
bindir='${exec_prefix}/bin'
build='x86_64-unknown-linux-gnu'
build_alias=''
build_cpu='x86_64'
build_os='linux-gnu'
build_vendor='unknown'
datadir='${datarootdir}'
datarootdir='${prefix}/share'
docdir='${datarootdir}/doc/${PACKAGE_TARNAME}'
dvidir='${docdir}'
exec_prefix='${prefix}'
host='x86_64-unknown-linux-gnu'
host_alias=''
host_cpu='x86_64'
host_os='linux-gnu'
host_vendor='unknown'
htmldir='${docdir}'
includedir='${prefix}/include'
infodir='${datarootdir}/info'
install_sh='${SHELL} /home/jadeshi/opt/ViennaRNA-1.8.5/install-sh'
libdir='${exec_prefix}/lib'
libexecdir='${exec_prefix}/libexec'
localedir='${datarootdir}/locale'
localstatedir='${prefix}/var'
mandir='${datarootdir}/man'
mkdir_p='/bin/mkdir -p'
oldincludedir='/usr/include'
pdfdir='${docdir}'
prefix='/usr/local'
program_transform_name='s,x,x,'
psdir='${docdir}'
runstatedir='${localstatedir}/run'
sbindir='${exec_prefix}/sbin'
sharedstatedir='${prefix}/com'
subdirs=' RNAforester Kinfold'
sysconfdir='${prefix}/etc'
target_alias=''

## ----------- ##
## confdefs.h. ##
## ----------- ##

/* confdefs.h */
#define PACKAGE_NAME "ViennaRNA"
#define PACKAGE_TARNAME "ViennaRNA"
#define PACKAGE_VERSION "1.8.5"
#define PACKAGE_STRING "ViennaRNA 1.8.5"
#define PACKAGE_BUGREPORT "rna@tbi.univie.ac.at"
#define PACKAGE_URL ""
#define PACKAGE "ViennaRNA"
#define VERSION "1.8.5"
#define UNUSED __attribute__ ((unused))
#define STDC_HEADERS 1
#define HAVE_SYS_TYPES_H 1
#define HAVE_SYS_STAT_H 1
#define HAVE_STDLIB_H 1
#define HAVE_STRING_H 1
#define HAVE_MEMORY_H 1
#define HAVE_STRINGS_H 1
#define HAVE_INTTYPES_H 1
#define HAVE_STDINT_H 1
#define HAVE_UNISTD_H 1
#define HAVE_MALLOC_H 1
#define HAVE_STRINGS_H 1
#define HAVE_UNISTD_H 1
#define HAVE_STRDUP 1
#define HAVE_STRSTR 1
#define HAVE_STRCHR 1
#define HAVE_ERAND48 1

configure: exit 0
